# JRE version: 7.0_25-b17
# Java VM: Java HotSpot(TM) Client VM (23.25-b01 mixed mode, sharing windows-x86 )
Heap
 def new generation   total 4928K, used 1738K [0x23750000, 0x23ca0000, 0x28ca0000)
  eden space 4416K,  38% used [0x23750000, 0x238f6708, 0x23ba0000)
  from space 512K,   9% used [0x23ba0000, 0x23bac368, 0x23c20000)
  to   space 512K,   0% used [0x23c20000, 0x23c20000, 0x23ca0000)
 tenured generation   total 10944K, used 5626K [0x28ca0000, 0x29750000, 0x33750000)
   the space 10944K,  51% used [0x28ca0000, 0x2921ead8, 0x2921ec00, 0x29750000)
 compacting perm gen  total 12288K, used 8148K [0x33750000, 0x34350000, 0x37750000)
   the space 12288K,  66% used [0x33750000, 0x33f450c8, 0x33f45200, 0x34350000)
    ro space 10240K,  45% used [0x37750000, 0x37bd9b28, 0x37bd9c00, 0x38150000)
    rw space 12288K,  54% used [0x38150000, 0x387dd0e8, 0x387dd200, 0x38d50000)
GC Heap History (10 events):
Event: 184.446 GC heap before
{Heap before GC invocations=69 (full 0):
 def new generation   total 4928K, used 4459K [0x23750000, 0x23ca0000, 0x28ca0000)
  eden space 4416K, 100% used [0x23750000, 0x23ba0000, 0x23ba0000)
  from space 512K,   8% used [0x23c20000, 0x23c2ada0, 0x23ca0000)
  to   space 512K,   0% used [0x23ba0000, 0x23ba0000, 0x23c20000)
 tenured generation   total 10944K, used 5626K [0x28ca0000, 0x29750000, 0x33750000)
   the space 10944K,  51% used [0x28ca0000, 0x2921ead8, 0x2921ec00, 0x29750000)
 compacting perm gen  total 12288K, used 8126K [0x33750000, 0x34350000, 0x37750000)
   the space 12288K,  66% used [0x33750000, 0x33f3fa90, 0x33f3fc00, 0x34350000)
    ro space 10240K,  45% used [0x37750000, 0x37bd9b28, 0x37bd9c00, 0x38150000)
    rw space 12288K,  54% used [0x38150000, 0x387dd0e8, 0x387dd200, 0x38d50000)
Event: 184.448 GC heap after
Heap after GC invocations=70 (full 0):
 def new generation   total 4928K, used 43K [0x23750000, 0x23ca0000, 0x28ca0000)
  eden space 4416K,   0% used [0x23750000, 0x23750000, 0x23ba0000)
  from space 512K,   8% used [0x23ba0000, 0x23baac90, 0x23c20000)
  to   space 512K,   0% used [0x23c20000, 0x23c20000, 0x23ca0000)
 tenured generation   total 10944K, used 5626K [0x28ca0000, 0x29750000, 0x33750000)
   the space 10944K,  51% used [0x28ca0000, 0x2921ead8, 0x2921ec00, 0x29750000)
 compacting perm gen  total 12288K, used 8126K [0x33750000, 0x34350000, 0x37750000)
   the space 12288K,  66% used [0x33750000, 0x33f3fa90, 0x33f3fc00, 0x34350000)
    ro space 10240K,  45% used [0x37750000, 0x37bd9b28, 0x37bd9c00, 0x38150000)
    rw space 12288K,  54% used [0x38150000, 0x387dd0e8, 0x387dd200, 0x38d50000)
}
Event: 187.072 GC heap before
{Heap before GC invocations=70 (full 0):
 def new generation   total 4928K, used 4459K [0x23750000, 0x23ca0000, 0x28ca0000)
  eden space 4416K, 100% used [0x23750000, 0x23ba0000, 0x23ba0000)
  from space 512K,   8% used [0x23ba0000, 0x23baac90, 0x23c20000)
  to   space 512K,   0% used [0x23c20000, 0x23c20000, 0x23ca0000)
 tenured generation   total 10944K, used 5626K [0x28ca0000, 0x29750000, 0x33750000)
   the space 10944K,  51% used [0x28ca0000, 0x2921ead8, 0x2921ec00, 0x29750000)
 compacting perm gen  total 12288K, used 8126K [0x33750000, 0x34350000, 0x37750000)
   the space 12288K,  66% used [0x33750000, 0x33f3faa0, 0x33f3fc00, 0x34350000)
    ro space 10240K,  45% used [0x37750000, 0x37bd9b28, 0x37bd9c00, 0x38150000)
    rw space 12288K,  54% used [0x38150000, 0x387dd0e8, 0x387dd200, 0x38d50000)
Event: 187.073 GC heap after
Heap after GC invocations=71 (full 0):
 def new generation   total 4928K, used 43K [0x23750000, 0x23ca0000, 0x28ca0000)
  eden space 4416K,   0% used [0x23750000, 0x23750000, 0x23ba0000)
  from space 512K,   8% used [0x23c20000, 0x23c2ad48, 0x23ca0000)
  to   space 512K,   0% used [0x23ba0000, 0x23ba0000, 0x23c20000)
 tenured generation   total 10944K, used 5626K [0x28ca0000, 0x29750000, 0x33750000)
   the space 10944K,  51% used [0x28ca0000, 0x2921ead8, 0x2921ec00, 0x29750000)
 compacting perm gen  total 12288K, used 8126K [0x33750000, 0x34350000, 0x37750000)
   the space 12288K,  66% used [0x33750000, 0x33f3faa0, 0x33f3fc00, 0x34350000)
    ro space 10240K,  45% used [0x37750000, 0x37bd9b28, 0x37bd9c00, 0x38150000)
    rw space 12288K,  54% used [0x38150000, 0x387dd0e8, 0x387dd200, 0x38d50000)
}
Event: 189.897 GC heap before
{Heap before GC invocations=71 (full 0):
 def new generation   total 4928K, used 4459K [0x23750000, 0x23ca0000, 0x28ca0000)
  eden space 4416K, 100% used [0x23750000, 0x23ba0000, 0x23ba0000)
  from space 512K,   8% used [0x23c20000, 0x23c2ad48, 0x23ca0000)
  to   space 512K,   0% used [0x23ba0000, 0x23ba0000, 0x23c20000)
 tenured generation   total 10944K, used 5626K [0x28ca0000, 0x29750000, 0x33750000)
   the space 10944K,  51% used [0x28ca0000, 0x2921ead8, 0x2921ec00, 0x29750000)
 compacting perm gen  total 12288K, used 8126K [0x33750000, 0x34350000, 0x37750000)
   the space 12288K,  66% used [0x33750000, 0x33f3fac0, 0x33f3fc00, 0x34350000)
    ro space 10240K,  45% used [0x37750000, 0x37bd9b28, 0x37bd9c00, 0x38150000)
    rw space 12288K,  54% used [0x38150000, 0x387dd0e8, 0x387dd200, 0x38d50000)
Event: 189.899 GC heap after
Heap after GC invocations=72 (full 0):
 def new generation   total 4928K, used 43K [0x23750000, 0x23ca0000, 0x28ca0000)
  eden space 4416K,   0% used [0x23750000, 0x23750000, 0x23ba0000)
  from space 512K,   8% used [0x23ba0000, 0x23baac60, 0x23c20000)
  to   space 512K,   0% used [0x23c20000, 0x23c20000, 0x23ca0000)
 tenured generation   total 10944K, used 5626K [0x28ca0000, 0x29750000, 0x33750000)
   the space 10944K,  51% used [0x28ca0000, 0x2921ead8, 0x2921ec00, 0x29750000)
 compacting perm gen  total 12288K, used 8126K [0x33750000, 0x34350000, 0x37750000)
   the space 12288K,  66% used [0x33750000, 0x33f3fac0, 0x33f3fc00, 0x34350000)
    ro space 10240K,  45% used [0x37750000, 0x37bd9b28, 0x37bd9c00, 0x38150000)
    rw space 12288K,  54% used [0x38150000, 0x387dd0e8, 0x387dd200, 0x38d50000)
}
Event: 192.721 GC heap before
{Heap before GC invocations=72 (full 0):
 def new generation   total 4928K, used 4459K [0x23750000, 0x23ca0000, 0x28ca0000)
  eden space 4416K, 100% used [0x23750000, 0x23ba0000, 0x23ba0000)
  from space 512K,   8% used [0x23ba0000, 0x23baac60, 0x23c20000)
  to   space 512K,   0% used [0x23c20000, 0x23c20000, 0x23ca0000)
 tenured generation   total 10944K, used 5626K [0x28ca0000, 0x29750000, 0x33750000)
   the space 10944K,  51% used [0x28ca0000, 0x2921ead8, 0x2921ec00, 0x29750000)
 compacting perm gen  total 12288K, used 8126K [0x33750000, 0x34350000, 0x37750000)
   the space 12288K,  66% used [0x33750000, 0x33f3fac0, 0x33f3fc00, 0x34350000)
    ro space 10240K,  45% used [0x37750000, 0x37bd9b28, 0x37bd9c00, 0x38150000)
    rw space 12288K,  54% used [0x38150000, 0x387dd0e8, 0x387dd200, 0x38d50000)
Event: 192.722 GC heap after
Heap after GC invocations=73 (full 0):
 def new generation   total 4928K, used 43K [0x23750000, 0x23ca0000, 0x28ca0000)
  eden space 4416K,   0% used [0x23750000, 0x23750000, 0x23ba0000)
  from space 512K,   8% used [0x23c20000, 0x23c2ac20, 0x23ca0000)
  to   space 512K,   0% used [0x23ba0000, 0x23ba0000, 0x23c20000)
 tenured generation   total 10944K, used 5626K [0x28ca0000, 0x29750000, 0x33750000)
   the space 10944K,  51% used [0x28ca0000, 0x2921ead8, 0x2921ec00, 0x29750000)
 compacting perm gen  total 12288K, used 8126K [0x33750000, 0x34350000, 0x37750000)
   the space 12288K,  66% used [0x33750000, 0x33f3fac0, 0x33f3fc00, 0x34350000)
    ro space 10240K,  45% used [0x37750000, 0x37bd9b28, 0x37bd9c00, 0x38150000)
    rw space 12288K,  54% used [0x38150000, 0x387dd0e8, 0x387dd200, 0x38d50000)
}
Event: 195.318 GC heap before
{Heap before GC invocations=73 (full 0):
 def new generation   total 4928K, used 4459K [0x23750000, 0x23ca0000, 0x28ca0000)
  eden space 4416K, 100% used [0x23750000, 0x23ba0000, 0x23ba0000)
  from space 512K,   8% used [0x23c20000, 0x23c2ac20, 0x23ca0000)
  to   space 512K,   0% used [0x23ba0000, 0x23ba0000, 0x23c20000)
 tenured generation   total 10944K, used 5626K [0x28ca0000, 0x29750000, 0x33750000)
   the space 10944K,  51% used [0x28ca0000, 0x2921ead8, 0x2921ec00, 0x29750000)
 compacting perm gen  total 12288K, used 8131K [0x33750000, 0x34350000, 0x37750000)
   the space 12288K,  66% used [0x33750000, 0x33f40de8, 0x33f40e00, 0x34350000)
    ro space 10240K,  45% used [0x37750000, 0x37bd9b28, 0x37bd9c00, 0x38150000)
    rw space 12288K,  54% used [0x38150000, 0x387dd0e8, 0x387dd200, 0x38d50000)
Event: 195.321 GC heap after
Heap after GC invocations=74 (full 0):
 def new generation   total 4928K, used 48K [0x23750000, 0x23ca0000, 0x28ca0000)
  eden space 4416K,   0% used [0x23750000, 0x23750000, 0x23ba0000)
  from space 512K,   9% used [0x23ba0000, 0x23bac368, 0x23c20000)
  to   space 512K,   0% used [0x23c20000, 0x23c20000, 0x23ca0000)
 tenured generation   total 10944K, used 5626K [0x28ca0000, 0x29750000, 0x33750000)
   the space 10944K,  51% used [0x28ca0000, 0x2921ead8, 0x2921ec00, 0x29750000)
 compacting perm gen  total 12288K, used 8131K [0x33750000, 0x34350000, 0x37750000)
   the space 12288K,  66% used [0x33750000, 0x33f40de8, 0x33f40e00, 0x34350000)
    ro space 10240K,  45% used [0x37750000, 0x37bd9b28, 0x37bd9c00, 0x38150000)
    rw space 12288K,  54% used [0x38150000, 0x387dd0e8, 0x387dd200, 0x38d50000)
}

